==56712== Memcheck, a memory error detector
==56712== Copyright (C) 2002-2022, and GNU GPL'd, by Julian Seward et al.
==56712== Using Valgrind-3.22.0-bd4db67b1d-20231031 and LibVEX; rerun with -h for copyright info
==56712== Command: ./so_long maps/map.ber
==56712== Parent PID: 14099
==56712== 
--56712-- 
--56712-- Valgrind options:
--56712--    --leak-check=full
--56712--    --show-leak-kinds=all
--56712--    --track-origins=yes
--56712--    --verbose
--56712--    --log-file=valgrind.log
--56712-- Contents of /proc/version:
--56712--   Linux version 5.15.167.4-microsoft-standard-WSL2 (root@f9c826d3017f) (gcc (GCC) 11.2.0, GNU ld (GNU Binutils) 2.37) #1 SMP Tue Nov 5 00:21:55 UTC 2024
--56712-- 
--56712-- Arch and hwcaps: AMD64, LittleEndian, amd64-cx16-lzcnt-rdtscp-sse3-ssse3-avx-avx2-bmi-f16c-rdrand-rdseed
--56712-- Page sizes: currently 4096, max supported 4096
--56712-- Valgrind library directory: /usr/libexec/valgrind
--56712-- Reading syms from /root/goinfre/So_long42/so_long
--56712-- Reading syms from /usr/lib/x86_64-linux-gnu/ld-linux-x86-64.so.2
--56712--   Considering /usr/lib/debug/.build-id/52/0e05878220fb2fc6d28ff46b63b3fd5d48e763.debug ..
--56712--   .. build-id is valid
--56712-- Reading syms from /usr/libexec/valgrind/memcheck-amd64-linux
--56712--    object doesn't have a dynamic symbol table
--56712-- Scheduler: using generic scheduler lock implementation.
--56712-- Reading suppressions file: /usr/libexec/valgrind/default.supp
==56712== embedded gdbserver: reading from /tmp/vgdb-pipe-from-vgdb-to-56712-by-root-on-???
==56712== embedded gdbserver: writing to   /tmp/vgdb-pipe-to-vgdb-from-56712-by-root-on-???
==56712== embedded gdbserver: shared mem   /tmp/vgdb-pipe-shared-mem-vgdb-56712-by-root-on-???
==56712== 
==56712== TO CONTROL THIS PROCESS USING vgdb (which you probably
==56712== don't want to do, unless you know exactly what you're doing,
==56712== or are doing some strange experiment):
==56712==   /usr/bin/vgdb --pid=56712 ...command...
==56712== 
==56712== TO DEBUG THIS PROCESS USING GDB: start GDB like this
==56712==   /path/to/gdb ./so_long
==56712== and then give GDB the following command
==56712==   target remote | /usr/bin/vgdb --pid=56712
==56712== --pid is optional if only one valgrind process is running
==56712== 
--56712-- REDIR: 0x4028b00 (ld-linux-x86-64.so.2:strlen) redirected to 0x580c2e1a (???)
--56712-- REDIR: 0x40272b0 (ld-linux-x86-64.so.2:index) redirected to 0x580c2e34 (???)
--56712-- Reading syms from /usr/libexec/valgrind/vgpreload_core-amd64-linux.so
--56712-- Reading syms from /usr/libexec/valgrind/vgpreload_memcheck-amd64-linux.so
==56712== WARNING: new redirection conflicts with existing -- ignoring it
--56712--     old: 0x04028b00 (strlen              ) R-> (0000.0) 0x580c2e1a ???
--56712--     new: 0x04028b00 (strlen              ) R-> (2007.0) 0x0484f340 strlen
--56712-- REDIR: 0x40274e0 (ld-linux-x86-64.so.2:strcmp) redirected to 0x4850460 (strcmp)
--56712-- REDIR: 0x4026910 (ld-linux-x86-64.so.2:mempcpy) redirected to 0x4853cd0 (mempcpy)
--56712-- Reading syms from /usr/lib/x86_64-linux-gnu/libXext.so.6.4.0
--56712-- Reading syms from /usr/lib/x86_64-linux-gnu/libX11.so.6.4.0
--56712-- Reading syms from /usr/lib/x86_64-linux-gnu/libc.so.6
--56712--   Considering /usr/lib/debug/.build-id/27/4eec488d230825a136fa9c4d85370fed7a0a5e.debug ..
--56712--   .. build-id is valid
--56712-- Reading syms from /usr/lib/x86_64-linux-gnu/libxcb.so.1.1.0
--56712-- Reading syms from /usr/lib/x86_64-linux-gnu/libXau.so.6.0.0
--56712-- Reading syms from /usr/lib/x86_64-linux-gnu/libXdmcp.so.6.0.0
--56712-- Reading syms from /usr/lib/x86_64-linux-gnu/libbsd.so.0.12.1
--56712-- Reading syms from /usr/lib/x86_64-linux-gnu/libmd.so.0.1.0
--56712-- REDIR: 0x4028ca0 (ld-linux-x86-64.so.2:strncmp) redirected to 0x484fc90 (strncmp)
--56712-- REDIR: 0x4a67050 (libc.so.6:strnlen) redirected to 0x483d1c0 (_vgnU_ifunc_wrapper)
--56712-- REDIR: 0x4a670e0 (libc.so.6:strpbrk) redirected to 0x483d1c0 (_vgnU_ifunc_wrapper)
--56712-- REDIR: 0x4a651a0 (libc.so.6:strcmp) redirected to 0x483d1c0 (_vgnU_ifunc_wrapper)
--56712-- REDIR: 0x4a7e3b0 (libc.so.6:wcsnlen) redirected to 0x483d1c0 (_vgnU_ifunc_wrapper)
--56712-- REDIR: 0x4a64290 (libc.so.6:memset) redirected to 0x483d1c0 (_vgnU_ifunc_wrapper)
--56712-- REDIR: 0x4a7db20 (libc.so.6:wcslen) redirected to 0x483d1c0 (_vgnU_ifunc_wrapper)
--56712-- REDIR: 0x4ae93f0 (libc.so.6:__memcpy_chk) redirected to 0x483d1c0 (_vgnU_ifunc_wrapper)
--56712-- REDIR: 0x4a64200 (libc.so.6:memrchr) redirected to 0x483d1c0 (_vgnU_ifunc_wrapper)
--56712-- REDIR: 0x4a7e350 (libc.so.6:wcsncpy) redirected to 0x483d1c0 (_vgnU_ifunc_wrapper)
--56712-- REDIR: 0x4a63720 (libc.so.6:memcpy@@GLIBC_2.14) redirected to 0x483d1c0 (_vgnU_ifunc_wrapper)
--56712-- REDIR: 0x4a7c8e0 (libc.so.6:wcschr) redirected to 0x483d1c0 (_vgnU_ifunc_wrapper)
--56712-- REDIR: 0x4a65090 (libc.so.6:index) redirected to 0x483d1c0 (_vgnU_ifunc_wrapper)
--56712-- REDIR: 0x4a67110 (libc.so.6:rindex) redirected to 0x483d1c0 (_vgnU_ifunc_wrapper)
--56712-- REDIR: 0x4a7c990 (libc.so.6:wcscmp) redirected to 0x483d1c0 (_vgnU_ifunc_wrapper)
--56712-- REDIR: 0x4a644b0 (libc.so.6:stpncpy) redirected to 0x483d1c0 (_vgnU_ifunc_wrapper)
--56712-- REDIR: 0x4a8aeb0 (libc.so.6:wmemchr) redirected to 0x483d1c0 (_vgnU_ifunc_wrapper)
--56712-- REDIR: 0x4a66ef0 (libc.so.6:strncmp) redirected to 0x483d1c0 (_vgnU_ifunc_wrapper)
--56712-- REDIR: 0x4a64510 (libc.so.6:strcasecmp) redirected to 0x483d1c0 (_vgnU_ifunc_wrapper)
--56712-- REDIR: 0x4a66310 (libc.so.6:strcspn) redirected to 0x483d1c0 (_vgnU_ifunc_wrapper)
--56712-- REDIR: 0x4a7d8f0 (libc.so.6:wcscpy) redirected to 0x483d1c0 (_vgnU_ifunc_wrapper)
--56712-- REDIR: 0x4a65020 (libc.so.6:strcat) redirected to 0x483d1c0 (_vgnU_ifunc_wrapper)
--56712-- REDIR: 0x4a66df0 (libc.so.6:strncasecmp_l) redirected to 0x483d1c0 (_vgnU_ifunc_wrapper)
--56712-- REDIR: 0x4a65110 (libc.so.6:strchrnul) redirected to 0x483d1c0 (_vgnU_ifunc_wrapper)
--56712-- REDIR: 0x4a63630 (libc.so.6:bcmp) redirected to 0x483d1c0 (_vgnU_ifunc_wrapper)
--56712-- REDIR: 0x4a662a0 (libc.so.6:strcpy) redirected to 0x483d1c0 (_vgnU_ifunc_wrapper)
--56712-- REDIR: 0x4a645b0 (libc.so.6:strcasecmp_l) redirected to 0x483d1c0 (_vgnU_ifunc_wrapper)
--56712-- REDIR: 0x4a66cc0 (libc.so.6:strlen) redirected to 0x483d1c0 (_vgnU_ifunc_wrapper)
--56712-- REDIR: 0x4a66f90 (libc.so.6:strncpy) redirected to 0x483d1c0 (_vgnU_ifunc_wrapper)
--56712-- REDIR: 0x4a8af30 (libc.so.6:wmemcmp) redirected to 0x483d1c0 (_vgnU_ifunc_wrapper)
--56712-- REDIR: 0x4ae9510 (libc.so.6:__memmove_chk) redirected to 0x483d1c0 (_vgnU_ifunc_wrapper)
==56712== WARNING: new redirection conflicts with existing -- ignoring it
--56712--     old: 0x04b3aa10 (__memcpy_chk_avx_una) R-> (2030.0) 0x04853dd0 __memcpy_chk
--56712--     new: 0x04b3aa10 (__memcpy_chk_avx_una) R-> (2024.0) 0x04853740 __memmove_chk
--56712-- REDIR: 0x4a64440 (libc.so.6:stpcpy) redirected to 0x483d1c0 (_vgnU_ifunc_wrapper)
--56712-- REDIR: 0x4a63fc0 (libc.so.6:memmove) redirected to 0x483d1c0 (_vgnU_ifunc_wrapper)
==56712== Preferring higher priority redirection:
--56712--     old: 0x04b3aa40 (__memcpy_avx_unalign) R-> (2018.0) 0x04851580 __memcpy_avx_unaligned_erms
--56712--     new: 0x04b3aa40 (__memcpy_avx_unalign) R-> (2018.1) 0x04852d60 memmove
--56712-- REDIR: 0x4a635b0 (libc.so.6:memchr) redirected to 0x483d1c0 (_vgnU_ifunc_wrapper)
--56712-- REDIR: 0x4a672e0 (libc.so.6:strspn) redirected to 0x483d1c0 (_vgnU_ifunc_wrapper)
--56712-- REDIR: 0x4a640e0 (libc.so.6:mempcpy) redirected to 0x483d1c0 (_vgnU_ifunc_wrapper)
--56712-- REDIR: 0x4a66d50 (libc.so.6:strncasecmp) redirected to 0x483d1c0 (_vgnU_ifunc_wrapper)
--56712-- REDIR: 0x4b3f630 (libc.so.6:__strrchr_avx2) redirected to 0x484ed20 (rindex)
--56712-- REDIR: 0x4a5f650 (libc.so.6:malloc) redirected to 0x48467b0 (malloc)
--56712-- REDIR: 0x4a5fd30 (libc.so.6:free) redirected to 0x4849820 (free)
==56712== Warning: invalid file descriptor -1 in syscall close()
==56712==    at 0x4AC8724: close (close.c:27)
==56712==    by 0x11080B: countline (in /root/goinfre/So_long42/so_long)
==56712==    by 0x10F1F5: load_map (in /root/goinfre/So_long42/so_long)
==56712==    by 0x10EE71: validate_and_load (in /root/goinfre/So_long42/so_long)
==56712==    by 0x10EFEF: init_game (in /root/goinfre/So_long42/so_long)
==56712==    by 0x10EC72: main (in /root/goinfre/So_long42/so_long)
==56712== 
==56712== HEAP SUMMARY:
==56712==     in use at exit: 0 bytes in 0 blocks
==56712==   total heap usage: 3 allocs, 3 frees, 120 bytes allocated
==56712== 
==56712== All heap blocks were freed -- no leaks are possible
==56712== 
==56712== ERROR SUMMARY: 0 errors from 0 contexts (suppressed: 0 from 0)
